clang: error: unable to execute command: Interrupt: 2
clang: error: clang frontend command failed due to signal (use -v to see invocation)
Apple clang version 12.0.0 (clang-1200.0.32.29)
Target: x86_64-apple-darwin19.6.0
Thread model: posix
InstalledDir: /Applications/Xcode.app/Contents/Developer/Toolchains/XcodeDefault.xctoolchain/usr/bin
clang: note: diagnostic msg: PLEASE submit a bug report to http://developer.apple.com/bugreporter/ and include the crash backtrace, preprocessed source, and associated run script.
clang: note: diagnostic msg: 
********************

PLEASE ATTACH THE FOLLOWING FILES TO THE BUG REPORT:
Preprocessed source(s) and associated run script(s) are located at:
clang: note: diagnostic msg: /var/folders/zz/zyxvpxvq6csfxvn_n000cmz800357t/T/exercise-dbc8ab.cpp
clang: note: diagnostic msg: /var/folders/zz/zyxvpxvq6csfxvn_n000cmz800357t/T/main-4ff96e.cpp
clang: note: diagnostic msg: /var/folders/zz/zyxvpxvq6csfxvn_n000cmz800357t/T/menu-4c124c.cpp
clang: note: diagnostic msg: /var/folders/zz/zyxvpxvq6csfxvn_n000cmz800357t/T/exam-5e450a.cpp
clang: note: diagnostic msg: /var/folders/zz/zyxvpxvq6csfxvn_n000cmz800357t/T/utils-86fd0a.cpp
clang: note: diagnostic msg: /var/folders/zz/zyxvpxvq6csfxvn_n000cmz800357t/T/grade_request-14eead.cpp
clang: note: diagnostic msg: /var/folders/zz/zyxvpxvq6csfxvn_n000cmz800357t/T/data_persistence-948063.cpp
clang: note: diagnostic msg: /var/folders/zz/zyxvpxvq6csfxvn_n000cmz800357t/T/exercise-dbc8ab.sh
clang: note: diagnostic msg: Crash backtrace is located in
clang: note: diagnostic msg: /Users/mochenna/Library/Logs/DiagnosticReports/clang_<YYYY-MM-DD-HHMMSS>_<hostname>.crash
clang: note: diagnostic msg: (choose the .crash file that corresponds to your crash)
clang: note: diagnostic msg: 

********************
